<?xml version="1.0" encoding="UTF-8"?>
<!-- Generated by org.testng.reporters.JUnitReportReporter -->
<testsuite hostname="LAPTOP-E5IJJGDG" failures="0" tests="1" name="cucumber.TestNGTestRunner" time="13.518" errors="0" timestamp="2024-04-05T00:44:02 IST" skipped="0">
  <testcase classname="cucumber.TestNGTestRunner" name="runScenario" time="13.518"/>
</testsuite> <!-- cucumber.TestNGTestRunner -->
