<?xml version="1.0" encoding="UTF-8"?>
<!-- Generated by org.testng.reporters.JUnitReportReporter -->
<testsuite hostname="LAPTOP-E5IJJGDG" failures="0" tests="3" name="rahulshettyacademy.tests.SubmitOrderTest" time="17.168" errors="0" timestamp="2024-04-07T22:46:54 IST" skipped="0">
  <testcase classname="rahulshettyacademy.tests.SubmitOrderTest" name="submitOrder" time="7.810"/>
  <testcase classname="rahulshettyacademy.tests.SubmitOrderTest" name="OrderHistoryTest" time="3.355"/>
  <testcase classname="rahulshettyacademy.tests.SubmitOrderTest" name="submitOrder" time="6.003"/>
</testsuite> <!-- rahulshettyacademy.tests.SubmitOrderTest -->
