<?xml version="1.0" encoding="UTF-8"?>
<!-- Generated by org.testng.reporters.JUnitReportReporter -->
<testsuite hostname="LAPTOP-E5IJJGDG" failures="0" tests="2" name="rahulshettyacademy.tests.ErrorValidationsTest" time="11.769" errors="0" timestamp="2024-04-07T22:46:54 IST" skipped="0">
  <testcase classname="rahulshettyacademy.tests.ErrorValidationsTest" name="ProductErrorValidation" time="6.493"/>
  <testcase classname="rahulshettyacademy.tests.ErrorValidationsTest" name="LoginErrorValidation" time="5.276"/>
</testsuite> <!-- rahulshettyacademy.tests.ErrorValidationsTest -->
